#
# A fatal error has been detected by the Java Runtime Environment:
#
#  EXCEPTION_ACCESS_VIOLATION (0xc0000005) at pc=0x000000005f36a3c5, pid=7252, tid=2200
#
# JRE version: Java(TM) SE Runtime Environment (8.0_25-b18) (build 1.8.0_25-b18)
# Java VM: Java HotSpot(TM) 64-Bit Server VM (25.25-b02 mixed mode windows-amd64 compressed oops)
# Problematic frame:
# V  [jvm.dll+0x11a3c5]
#
# Failed to write core dump. Minidumps are not enabled by default on client versions of Windows
#
# If you would like to submit a bug report, please visit:
#   http://bugreport.sun.com/bugreport/crash.jsp
#

---------------  T H R E A D  ---------------

Current thread (0x000000005850d000):  JavaThread "JDWP Transport Listener: dt_socket" daemon [_thread_in_vm, id=2200, stack(0x0000000059200000,0x0000000059300000)]

siginfo: ExceptionCode=0xc0000005, reading address 0xffffffffffffffff

Registers:
RAX=0x00000000592ff701, RBX=0x000000005850d000, RCX=0x6d656c4564657400, RDX=0x0000000000000000
RSP=0x00000000592ff6b0, RBP=0x6d656c4564657400, RSI=0x00000000592ff7c8, RDI=0x0000000000338d10
R8 =0x000000005850d000, R9 =0x0000000000000700, R10=0x0000000000000000, R11=0x000081e300320010
R12=0x0000000000000000, R13=0x000000005850dee8, R14=0x0000000000000000, R15=0x0000000000000000
RIP=0x000000005f36a3c5, EFLAGS=0x0000000000010206

Top of Stack: (sp=0x00000000592ff6b0)
0x00000000592ff6b0:   000000005850d000 000000005850d000
0x00000000592ff6c0:   00000000592ff778 000000005f5678db
0x00000000592ff6d0:   000000005850d000 000000005f58413d
0x00000000592ff6e0:   0000000000000000 000000005f1f9149
0x00000000592ff6f0:   00000000588cce80 000000005f202912
0x00000000592ff700:   000000005850d000 0000000000000000
0x00000000592ff710:   0000000000000000 0000000000000000
0x00000000592ff720:   6d656c4564657400 000000005f201a09
0x00000000592ff730:   00000000592ff7c8 00000000592ff7a0
0x00000000592ff740:   0000000000000001 00000000588cce80
0x00000000592ff750:   6d656c4564657400 000000005f1e53b3
0x00000000592ff760:   00000000592ff890 0000000000000001
0x00000000592ff770:   0000000000000001 00000000588cce80
0x00000000592ff780:   0000000000000001 0000000000000000
0x00000000592ff790:   0000000000000000 0000000000000000
0x00000000592ff7a0:   0000000000000001 000000005f1e5571 

Instructions: (pc=0x000000005f36a3c5)
0x000000005f36a3a5:   cc cc cc cc cc cc cc cc cc cc cc 48 83 ec 28 48
0x000000005f36a3b5:   85 c9 75 07 33 c0 48 83 c4 28 c3 48 89 5c 24 20
0x000000005f36a3c5:   48 8b 19 48 85 db 74 20 48 83 fb 37 74 1a 48 8b
0x000000005f36a3d5:   13 48 8b cb ff 52 10 84 c0 74 0d 48 8b c3 48 8b 


Register to memory mapping:

RAX=0x00000000592ff701 is pointing into the stack for thread: 0x000000005850d000
RBX=0x000000005850d000 is a thread
RCX=0x6d656c4564657400 is an unknown value
RDX=0x0000000000000000 is an unknown value
RSP=0x00000000592ff6b0 is pointing into the stack for thread: 0x000000005850d000
RBP=0x6d656c4564657400 is an unknown value
RSI=0x00000000592ff7c8 is pointing into the stack for thread: 0x000000005850d000
RDI=0x0000000000338d10 is an unknown value
R8 =0x000000005850d000 is a thread
R9 =0x0000000000000700 is an unknown value
R10=0x0000000000000000 is an unknown value
R11=0x000081e300320010 is an unknown value
R12=0x0000000000000000 is an unknown value
R13=0x000000005850dee8 is an unknown value
R14=0x0000000000000000 is an unknown value
R15=0x0000000000000000 is an unknown value


Stack: [0x0000000059200000,0x0000000059300000],  sp=0x00000000592ff6b0,  free space=1021k
Native frames: (J=compiled Java code, j=interpreted, Vv=VM code, C=native code)
V  [jvm.dll+0x11a3c5]
V  [jvm.dll+0x33413d]
C  [jdwp.dll+0x21a09]
C  [jdwp.dll+0x53b3]
C  [jdwp.dll+0x5571]
C  [jdwp.dll+0xf09c]
C  [jdwp.dll+0x1f2c9]
C  [jdwp.dll+0x1f49e]
V  [jvm.dll+0x1abba8]
V  [jvm.dll+0x22bde4]
V  [jvm.dll+0x2852fa]
C  [msvcr100.dll+0x21d9f]
C  [msvcr100.dll+0x21e3b]
C  [kernel32.dll+0x159cd]
C  [ntdll.dll+0x2a561]


---------------  P R O C E S S  ---------------

Java Threads: ( => current thread )
  0x000000005ae17000 JavaThread "Druid-ConnectionPool-Destory-1048903970" daemon [_thread_blocked, id=5996, stack(0x000000005cee0000,0x000000005cfe0000)]
  0x000000005ae16000 JavaThread "Druid-ConnectionPool-Create-1048903970" daemon [_thread_blocked, id=6220, stack(0x000000005d010000,0x000000005d110000)]
  0x000000005b9f6800 JavaThread "Abandoned connection cleanup thread" daemon [_thread_blocked, id=1252, stack(0x000000005a280000,0x000000005a380000)]
  0x00000000588e7800 JavaThread "ReaderThread" [_thread_in_native, id=972, stack(0x000000005a3d0000,0x000000005a4d0000)]
  0x00000000585a8800 JavaThread "Service Thread" daemon [_thread_blocked, id=7324, stack(0x0000000059980000,0x0000000059a80000)]
  0x0000000058541000 JavaThread "C1 CompilerThread2" daemon [_thread_blocked, id=7344, stack(0x0000000059070000,0x0000000059170000)]
  0x000000005852f800 JavaThread "C2 CompilerThread1" daemon [_thread_blocked, id=7688, stack(0x0000000059700000,0x0000000059800000)]
  0x000000005852b800 JavaThread "C2 CompilerThread0" daemon [_thread_blocked, id=7140, stack(0x0000000059600000,0x0000000059700000)]
  0x0000000058527000 JavaThread "JDWP Command Reader" daemon [_thread_in_native, id=7480, stack(0x00000000594d0000,0x00000000595d0000)]
  0x0000000058518000 JavaThread "JDWP Event Helper Thread" daemon [_thread_blocked, id=5828, stack(0x00000000588f0000,0x00000000589f0000)]
=>0x000000005850d000 JavaThread "JDWP Transport Listener: dt_socket" daemon [_thread_in_vm, id=2200, stack(0x0000000059200000,0x0000000059300000)]
  0x00000000584fa800 JavaThread "Attach Listener" daemon [_thread_blocked, id=4128, stack(0x0000000058b50000,0x0000000058c50000)]
  0x000000005735f800 JavaThread "Signal Dispatcher" daemon [_thread_blocked, id=7412, stack(0x0000000058a00000,0x0000000058b00000)]
  0x00000000572f9800 JavaThread "Finalizer" daemon [_thread_blocked, id=1340, stack(0x00000000583f0000,0x00000000584f0000)]
  0x00000000572f0800 JavaThread "Reference Handler" daemon [_thread_blocked, id=2180, stack(0x00000000581b0000,0x00000000582b0000)]
  0x0000000001d6a000 JavaThread "main" [_thread_blocked, id=7896, stack(0x0000000002430000,0x0000000002530000)]

Other Threads:
  0x00000000572ea800 VMThread [stack: 0x00000000582b0000,0x00000000583b0000] [id=5908]
  0x00000000585bf800 WatcherThread [stack: 0x0000000059880000,0x0000000059980000] [id=1268]

VM state:not at safepoint (normal execution)

VM Mutex/Monitor currently owned by a thread: None

Heap:
 PSYoungGen      total 111104K, used 50611K [0x00000000d5c00000, 0x00000000ded00000, 0x0000000100000000)
  eden space 103424K, 41% used [0x00000000d5c00000,0x00000000d86162b0,0x00000000dc100000)
  from space 7680K, 97% used [0x00000000de580000,0x00000000decd6c38,0x00000000ded00000)
  to   space 8704K, 0% used [0x00000000ddc00000,0x00000000ddc00000,0x00000000de480000)
 ParOldGen       total 56320K, used 7222K [0x0000000081400000, 0x0000000084b00000, 0x00000000d5c00000)
  object space 56320K, 12% used [0x0000000081400000,0x0000000081b0d968,0x0000000084b00000)
 Metaspace       used 30803K, capacity 31066K, committed 31616K, reserved 1077248K
  class space    used 3819K, capacity 3865K, committed 3968K, reserved 1048576K

Card table byte_map: [0x00000000118f0000,0x0000000011cf0000] byte_map_base: 0x00000000114e6000

Marking Bits: (ParMarkBitMap*) 0x000000005fa2d490
 Begin Bits: [0x0000000012600000, 0x00000000145b0000)
 End Bits:   [0x00000000145b0000, 0x0000000016560000)

Polling page: 0x0000000000090000

CodeCache: size=245760Kb used=9717Kb max_used=9768Kb free=236042Kb
 bounds [0x0000000002530000, 0x0000000002ed0000, 0x0000000011530000]
 total_blobs=3059 nmethods=2586 adapters=394
 compilation: enabled

Compilation events (10 events):
Event: 3.290 Thread 0x000000005852f800 nmethod 2596 0x0000000002eb1290 code [0x0000000002eb13c0, 0x0000000002eb1438]
Event: 3.321 Thread 0x000000005852b800 nmethod 2595 0x0000000002ec0010 code [0x0000000002ec0320, 0x0000000002ec24f8]
Event: 1861.733 Thread 0x0000000058541000 2598       3       com.mysql.jdbc.Buffer::setBufLength (6 bytes)
Event: 1861.734 Thread 0x0000000058541000 nmethod 2598 0x0000000002eb8ed0 code [0x0000000002eb9020, 0x0000000002eb9170]
Event: 6049.152 Thread 0x0000000058541000 2599 % !   3       com.mysql.jdbc.AbandonedConnectionCleanupThread::run @ 4 (62 bytes)
Event: 6049.153 Thread 0x0000000058541000 

Event: 7441.705 Thread 0x0000000058541000 2600       1       com.alibaba.druid.pool.DruidAbstractDataSource::isRemoveAbandoned (5 bytes)
Event: 7441.705 Thread 0x0000000058541000 nmethod 2600 0x0000000002eb0f90 code [0x0000000002eb10e0, 0x0000000002eb11f0]
Event: 7621.703 Thread 0x0000000058541000 2601       1       com.alibaba.druid.pool.DruidDataSource::access$1000 (5 bytes)
Event: 7621.703 Thread 0x0000000058541000 nmethod 2601 0x000000000264cc50 code [0x000000000264cda0, 0x000000000264ce90]

GC Heap History (10 events):
Event: 1.316 GC heap before
{Heap before GC invocations=3 (full 0):
 PSYoungGen      total 38400K, used 38253K [0x00000000d5c00000, 0x00000000da700000, 0x0000000100000000)
  eden space 33280K, 100% used [0x00000000d5c00000,0x00000000d7c80000,0x00000000d7c80000)
  from space 5120K, 97% used [0x00000000d8180000,0x00000000d865b430,0x00000000d8680000)
  to   space 5120K, 0% used [0x00000000d7c80000,0x00000000d7c80000,0x00000000d8180000)
 ParOldGen       total 87552K, used 144K [0x0000000081400000, 0x0000000086980000, 0x00000000d5c00000)
  object space 87552K, 0% used [0x0000000081400000,0x0000000081424020,0x0000000086980000)
 Metaspace       used 14497K, capacity 14672K, committed 14848K, reserved 1062912K
  class space    used 1694K, capacity 1725K, committed 1792K, reserved 1048576K
Event: 1.321 GC heap after
Heap after GC invocations=3 (full 0):
 PSYoungGen      total 38400K, used 5113K [0x00000000d5c00000, 0x00000000da700000, 0x0000000100000000)
  eden space 33280K, 0% used [0x00000000d5c00000,0x00000000d5c00000,0x00000000d7c80000)
  from space 5120K, 99% used [0x00000000d7c80000,0x00000000d817e640,0x00000000d8180000)
  to   space 5120K, 0% used [0x00000000da200000,0x00000000da200000,0x00000000da700000)
 ParOldGen       total 87552K, used 326K [0x0000000081400000, 0x0000000086980000, 0x00000000d5c00000)
  object space 87552K, 0% used [0x0000000081400000,0x00000000814519b0,0x0000000086980000)
 Metaspace       used 14497K, capacity 14672K, committed 14848K, reserved 1062912K
  class space    used 1694K, capacity 1725K, committed 1792K, reserved 1048576K
}
Event: 1.517 GC heap before
{Heap before GC invocations=4 (full 0):
 PSYoungGen      total 38400K, used 38393K [0x00000000d5c00000, 0x00000000da700000, 0x0000000100000000)
  eden space 33280K, 100% used [0x00000000d5c00000,0x00000000d7c80000,0x00000000d7c80000)
  from space 5120K, 99% used [0x00000000d7c80000,0x00000000d817e640,0x00000000d8180000)
  to   space 5120K, 0% used [0x00000000da200000,0x00000000da200000,0x00000000da700000)
 ParOldGen       total 87552K, used 326K [0x0000000081400000, 0x0000000086980000, 0x00000000d5c00000)
  object space 87552K, 0% used [0x0000000081400000,0x00000000814519b0,0x0000000086980000)
 Metaspace       used 17067K, capacity 17278K, committed 17536K, reserved 1064960K
  class space    used 2049K, capacity 2085K, committed 2176K, reserved 1048576K
Event: 1.531 GC heap after
Heap after GC invocations=4 (full 0):
 PSYoungGen      total 71680K, used 5118K [0x00000000d5c00000, 0x00000000da700000, 0x0000000100000000)
  eden space 66560K, 0% used [0x00000000d5c00000,0x00000000d5c00000,0x00000000d9d00000)
  from space 5120K, 99% used [0x00000000da200000,0x00000000da6ff800,0x00000000da700000)
  to   space 5120K, 0% used [0x00000000d9d00000,0x00000000d9d00000,0x00000000da200000)
 ParOldGen       total 87552K, used 1420K [0x0000000081400000, 0x0000000086980000, 0x00000000d5c00000)
  object space 87552K, 1% used [0x0000000081400000,0x00000000815631c8,0x0000000086980000)
 Metaspace       used 17067K, capacity 17278K, committed 17536K, reserved 1064960K
  class space    used 2049K, capacity 2085K, committed 2176K, reserved 1048576K
}
Event: 1.781 GC heap before
{Heap before GC invocations=5 (full 0):
 PSYoungGen      total 71680K, used 27849K [0x00000000d5c00000, 0x00000000da700000, 0x0000000100000000)
  eden space 66560K, 34% used [0x00000000d5c00000,0x00000000d7232ec0,0x00000000d9d00000)
  from space 5120K, 99% used [0x00000000da200000,0x00000000da6ff800,0x00000000da700000)
  to   space 5120K, 0% used [0x00000000d9d00000,0x00000000d9d00000,0x00000000da200000)
 ParOldGen       total 87552K, used 1420K [0x0000000081400000, 0x0000000086980000, 0x00000000d5c00000)
  object space 87552K, 1% used [0x0000000081400000,0x00000000815631c8,0x0000000086980000)
 Metaspace       used 20811K, capacity 20964K, committed 21296K, reserved 1069056K
  class space    used 2527K, capacity 2566K, committed 2688K, reserved 1048576K
Event: 1.789 GC heap after
Heap after GC invocations=5 (full 0):
 PSYoungGen      total 71680K, used 5099K [0x00000000d5c00000, 0x00000000ded00000, 0x0000000100000000)
  eden space 66560K, 0% used [0x00000000d5c00000,0x00000000d5c00000,0x00000000d9d00000)
  from space 5120K, 99% used [0x00000000d9d00000,0x00000000da1faf98,0x00000000da200000)
  to   space 7680K, 0% used [0x00000000de580000,0x00000000de580000,0x00000000ded00000)
 ParOldGen       total 87552K, used 3605K [0x0000000081400000, 0x0000000086980000, 0x00000000d5c00000)
  object space 87552K, 4% used [0x0000000081400000,0x00000000817857c8,0x0000000086980000)
 Metaspace       used 20811K, capacity 20964K, committed 21296K, reserved 1069056K
  class space    used 2527K, capacity 2566K, committed 2688K, reserved 1048576K
}
Event: 1.789 GC heap before
{Heap before GC invocations=6 (full 1):
 PSYoungGen      total 71680K, used 5099K [0x00000000d5c00000, 0x00000000ded00000, 0x0000000100000000)
  eden space 66560K, 0% used [0x00000000d5c00000,0x00000000d5c00000,0x00000000d9d00000)
  from space 5120K, 99% used [0x00000000d9d00000,0x00000000da1faf98,0x00000000da200000)
  to   space 7680K, 0% used [0x00000000de580000,0x00000000de580000,0x00000000ded00000)
 ParOldGen       total 87552K, used 3605K [0x0000000081400000, 0x0000000086980000, 0x00000000d5c00000)
  object space 87552K, 4% used [0x0000000081400000,0x00000000817857c8,0x0000000086980000)
 Metaspace       used 20811K, capacity 20964K, committed 21296K, reserved 1069056K
  class space    used 2527K, capacity 2566K, committed 2688K, reserved 1048576K
Event: 1.820 GC heap after
Heap after GC invocations=6 (full 1):
 PSYoungGen      total 71680K, used 0K [0x00000000d5c00000, 0x00000000ded00000, 0x0000000100000000)
  eden space 66560K, 0% used [0x00000000d5c00000,0x00000000d5c00000,0x00000000d9d00000)
  from space 5120K, 0% used [0x00000000d9d00000,0x00000000d9d00000,0x00000000da200000)
  to   space 7680K, 0% used [0x00000000de580000,0x00000000de580000,0x00000000ded00000)
 ParOldGen       total 56320K, used 7214K [0x0000000081400000, 0x0000000084b00000, 0x00000000d5c00000)
  object space 56320K, 12% used [0x0000000081400000,0x0000000081b0b968,0x0000000084b00000)
 Metaspace       used 20810K, capacity 20962K, committed 21296K, reserved 1069056K
  class space    used 2527K, capacity 2565K, committed 2688K, reserved 1048576K
}
Event: 2.837 GC heap before
{Heap before GC invocations=7 (full 1):
 PSYoungGen      total 71680K, used 66560K [0x00000000d5c00000, 0x00000000ded00000, 0x0000000100000000)
  eden space 66560K, 100% used [0x00000000d5c00000,0x00000000d9d00000,0x00000000d9d00000)
  from space 5120K, 0% used [0x00000000d9d00000,0x00000000d9d00000,0x00000000da200000)
  to   space 7680K, 0% used [0x00000000de580000,0x00000000de580000,0x00000000ded00000)
 ParOldGen       total 56320K, used 7214K [0x0000000081400000, 0x0000000084b00000, 0x00000000d5c00000)
  object space 56320K, 12% used [0x0000000081400000,0x0000000081b0b968,0x0000000084b00000)
 Metaspace       used 27537K, capacity 27738K, committed 28032K, reserved 1073152K
  class space    used 3399K, capacity 3433K, committed 3456K, reserved 1048576K
Event: 2.843 GC heap after
Heap after GC invocations=7 (full 1):
 PSYoungGen      total 111104K, used 7515K [0x00000000d5c00000, 0x00000000ded00000, 0x0000000100000000)
  eden space 103424K, 0% used [0x00000000d5c00000,0x00000000d5c00000,0x00000000dc100000)
  from space 7680K, 97% used [0x00000000de580000,0x00000000decd6c38,0x00000000ded00000)
  to   space 8704K, 0% used [0x00000000ddc00000,0x00000000ddc00000,0x00000000de480000)
 ParOldGen       total 56320K, used 7222K [0x0000000081400000, 0x0000000084b00000, 0x00000000d5c00000)
  object space 56320K, 12% used [0x0000000081400000,0x0000000081b0d968,0x0000000084b00000)
 Metaspace       used 27537K, capacity 27738K, committed 28032K, reserved 1073152K
  class space    used 3399K, capacity 3433K, committed 3456K, reserved 1048576K
}

Deoptimization events (10 events):
Event: 3.287 Thread 0x0000000001d6a000 Uncommon trap: reason=unhandled action=none pc=0x0000000002cd3220 method=java.net.URLClassLoader$1.run()Ljava/lang/Class; @ 72
Event: 3.287 Thread 0x0000000001d6a000 Uncommon trap: reason=unhandled action=none pc=0x0000000002cd3220 method=java.net.URLClassLoader$1.run()Ljava/lang/Class; @ 72
Event: 3.288 Thread 0x0000000001d6a000 Uncommon trap: reason=unhandled action=none pc=0x0000000002cd3220 method=java.net.URLClassLoader$1.run()Ljava/lang/Class; @ 72
Event: 3.288 Thread 0x0000000001d6a000 Uncommon trap: reason=unhandled action=none pc=0x0000000002cd3220 method=java.net.URLClassLoader$1.run()Ljava/lang/Class; @ 72
Event: 3.289 Thread 0x0000000001d6a000 Uncommon trap: reason=unhandled action=none pc=0x0000000002cd3220 method=java.net.URLClassLoader$1.run()Ljava/lang/Class; @ 72
Event: 3.289 Thread 0x0000000001d6a000 Uncommon trap: reason=unhandled action=none pc=0x0000000002cd3220 method=java.net.URLClassLoader$1.run()Ljava/lang/Class; @ 72
Event: 3.289 Thread 0x0000000001d6a000 Uncommon trap: reason=unhandled action=none pc=0x0000000002cd3220 method=java.net.URLClassLoader$1.run()Ljava/lang/Class; @ 72
Event: 3.289 Thread 0x0000000001d6a000 Uncommon trap: reason=unhandled action=none pc=0x0000000002cd3220 method=java.net.URLClassLoader$1.run()Ljava/lang/Class; @ 72
Event: 3.290 Thread 0x0000000001d6a000 Uncommon trap: reason=unhandled action=none pc=0x0000000002cd3220 method=java.net.URLClassLoader$1.run()Ljava/lang/Class; @ 72
Event: 1861.735 Thread 0x000000005ae17000 Uncommon trap: reason=unhandled action=none pc=0x0000000002cd3220 method=java.net.URLClassLoader$1.run()Ljava/lang/Class; @ 72

Internal exceptions (10 events):
Event: 3.287 Thread 0x0000000001d6a000 Exception <a 'java/security/PrivilegedActionException'> (0x00000000d82e3740) thrown at [D:\re\workspace\8-2-build-windows-amd64-cygwin\jdk8u25\1677\hotspot\src\share\vm\prims\jvm.cpp, line 1312]
Event: 3.287 Thread 0x0000000001d6a000 Exception <a 'java/security/PrivilegedActionException'> (0x00000000d82e8c48) thrown at [D:\re\workspace\8-2-build-windows-amd64-cygwin\jdk8u25\1677\hotspot\src\share\vm\prims\jvm.cpp, line 1312]
Event: 3.288 Thread 0x0000000001d6a000 Exception <a 'java/security/PrivilegedActionException'> (0x00000000d82ee278) thrown at [D:\re\workspace\8-2-build-windows-amd64-cygwin\jdk8u25\1677\hotspot\src\share\vm\prims\jvm.cpp, line 1312]
Event: 3.288 Thread 0x0000000001d6a000 Exception <a 'java/security/PrivilegedActionException'> (0x00000000d82f3b90) thrown at [D:\re\workspace\8-2-build-windows-amd64-cygwin\jdk8u25\1677\hotspot\src\share\vm\prims\jvm.cpp, line 1312]
Event: 3.289 Thread 0x0000000001d6a000 Exception <a 'java/security/PrivilegedActionException'> (0x00000000d82fad38) thrown at [D:\re\workspace\8-2-build-windows-amd64-cygwin\jdk8u25\1677\hotspot\src\share\vm\prims\jvm.cpp, line 1312]
Event: 3.289 Thread 0x0000000001d6a000 Exception <a 'java/security/PrivilegedActionException'> (0x00000000d83016f8) thrown at [D:\re\workspace\8-2-build-windows-amd64-cygwin\jdk8u25\1677\hotspot\src\share\vm\prims\jvm.cpp, line 1312]
Event: 3.289 Thread 0x0000000001d6a000 Exception <a 'java/security/PrivilegedActionException'> (0x00000000d8307918) thrown at [D:\re\workspace\8-2-build-windows-amd64-cygwin\jdk8u25\1677\hotspot\src\share\vm\prims\jvm.cpp, line 1312]
Event: 3.289 Thread 0x0000000001d6a000 Exception <a 'java/security/PrivilegedActionException'> (0x00000000d830c950) thrown at [D:\re\workspace\8-2-build-windows-amd64-cygwin\jdk8u25\1677\hotspot\src\share\vm\prims\jvm.cpp, line 1312]
Event: 3.290 Thread 0x0000000001d6a000 Exception <a 'java/security/PrivilegedActionException'> (0x00000000d8312fb8) thrown at [D:\re\workspace\8-2-build-windows-amd64-cygwin\jdk8u25\1677\hotspot\src\share\vm\prims\jvm.cpp, line 1312]
Event: 1861.735 Thread 0x000000005ae17000 Exception <a 'java/security/PrivilegedActionException'> (0x00000000d8468150) thrown at [D:\re\workspace\8-2-build-windows-amd64-cygwin\jdk8u25\1677\hotspot\src\share\vm\prims\jvm.cpp, line 1312]

Events (10 events):
Event: 7775.169 Executing VM operation: ChangeBreakpoints
Event: 7775.170 Executing VM operation: ChangeBreakpoints done
Event: 7775.215 Executing VM operation: GetOrSetLocal
Event: 7775.215 Executing VM operation: GetOrSetLocal done
Event: 7775.216 Executing VM operation: GetOrSetLocal
Event: 7775.216 Executing VM operation: GetOrSetLocal done
Event: 7775.216 Executing VM operation: GetOrSetLocal
Event: 7775.216 Executing VM operation: GetOrSetLocal done
Event: 7804.628 Executing VM operation: RedefineClasses
Event: 7804.686 Executing VM operation: RedefineClasses done


Dynamic libraries:
0x000000013f470000 - 0x000000013f4a4000 	F:\ProgramFiles\jdk1.8\bin\javaw.exe
0x0000000077180000 - 0x000000007732a000 	C:\Windows\SYSTEM32\ntdll.dll
0x0000000077060000 - 0x000000007717f000 	C:\Windows\system32\kernel32.dll
0x000007fefd1b0000 - 0x000007fefd21a000 	C:\Windows\system32\KERNELBASE.dll
0x000007fefed70000 - 0x000007fefee4b000 	C:\Windows\system32\ADVAPI32.dll
0x000007fefee50000 - 0x000007fefeeef000 	C:\Windows\system32\msvcrt.dll
0x000007feff3a0000 - 0x000007feff3bf000 	C:\Windows\SYSTEM32\sechost.dll
0x000007fefd7e0000 - 0x000007fefd90d000 	C:\Windows\system32\RPCRT4.dll
0x0000000076f60000 - 0x000000007705a000 	C:\Windows\system32\USER32.dll
0x000007fefd6f0000 - 0x000007fefd757000 	C:\Windows\system32\GDI32.dll
0x000007fefdda0000 - 0x000007fefddae000 	C:\Windows\system32\LPK.dll
0x000007feff3c0000 - 0x000007feff48b000 	C:\Windows\system32\USP10.dll
0x000007fefb730000 - 0x000007fefb924000 	C:\Windows\WinSxS\amd64_microsoft.windows.common-controls_6595b64144ccf1df_6.0.7601.18837_none_fa3b1e3d17594757\COMCTL32.dll
0x000007fefd760000 - 0x000007fefd7d1000 	C:\Windows\system32\SHLWAPI.dll
0x000007fefdd70000 - 0x000007fefdd9e000 	C:\Windows\system32\IMM32.DLL
0x000007fefd560000 - 0x000007fefd669000 	C:\Windows\system32\MSCTF.dll
0x000000005fab0000 - 0x000000005fb82000 	F:\ProgramFiles\jdk1.8\jre\bin\msvcr100.dll
0x000000005f250000 - 0x000000005faaa000 	F:\ProgramFiles\jdk1.8\jre\bin\server\jvm.dll
0x000007fef8dc0000 - 0x000007fef8dc9000 	C:\Windows\system32\WSOCK32.dll
0x000007fefeef0000 - 0x000007fefef3d000 	C:\Windows\system32\WS2_32.dll
0x000007fefda90000 - 0x000007fefda98000 	C:\Windows\system32\NSI.dll
0x000007fefaf50000 - 0x000007fefaf8b000 	C:\Windows\system32\WINMM.dll
0x0000000077340000 - 0x0000000077347000 	C:\Windows\system32\PSAPI.DLL
0x0000000064de0000 - 0x0000000064def000 	F:\ProgramFiles\jdk1.8\jre\bin\verify.dll
0x000000005f220000 - 0x000000005f248000 	F:\ProgramFiles\jdk1.8\jre\bin\java.dll
0x000000005f1e0000 - 0x000000005f215000 	F:\ProgramFiles\jdk1.8\jre\bin\jdwp.dll
0x0000000064dd0000 - 0x0000000064dd8000 	F:\ProgramFiles\jdk1.8\jre\bin\npt.dll
0x000000005f1c0000 - 0x000000005f1d6000 	F:\ProgramFiles\jdk1.8\jre\bin\zip.dll
0x000007fefdfe0000 - 0x000007fefed6a000 	C:\Windows\system32\SHELL32.dll
0x000007fefef60000 - 0x000007feff15c000 	C:\Windows\system32\ole32.dll
0x000007fefce70000 - 0x000007fefce7f000 	C:\Windows\system32\profapi.dll
0x0000000064c90000 - 0x0000000064c99000 	F:\ProgramFiles\jdk1.8\jre\bin\dt_socket.dll
0x000007fefad60000 - 0x000007fefad75000 	C:\Windows\system32\NLAapi.dll
0x000007fef8dd0000 - 0x000007fef8de5000 	C:\Windows\system32\napinsp.dll
0x000007fef8da0000 - 0x000007fef8db9000 	C:\Windows\system32\pnrpnsp.dll
0x000007fefc5d0000 - 0x000007fefc625000 	C:\Windows\System32\mswsock.dll
0x000007fefc450000 - 0x000007fefc4ab000 	C:\Windows\system32\DNSAPI.dll
0x000007fef8d90000 - 0x000007fef8d9b000 	C:\Windows\System32\winrnr.dll
0x000007fefa6c0000 - 0x000007fefa6e7000 	C:\Windows\system32\IPHLPAPI.DLL
0x000007fefa6b0000 - 0x000007fefa6bb000 	C:\Windows\system32\WINNSI.DLL
0x000007fefa2b0000 - 0x000007fefa303000 	C:\Windows\System32\fwpuclnt.dll
0x000007fef8d80000 - 0x000007fef8d88000 	C:\Windows\system32\rasadhlp.dll
0x000007fefbff0000 - 0x000007fefbff7000 	C:\Windows\System32\wshtcpip.dll
0x000000005f1a0000 - 0x000000005f1ba000 	F:\ProgramFiles\jdk1.8\jre\bin\net.dll
0x000007fefc5c0000 - 0x000007fefc5c7000 	C:\Windows\System32\wship6.dll
0x0000000063810000 - 0x000000006381d000 	F:\ProgramFiles\jdk1.8\jre\bin\management.dll
0x000000005f180000 - 0x000000005f191000 	F:\ProgramFiles\jdk1.8\jre\bin\nio.dll
0x000007fefc630000 - 0x000007fefc648000 	C:\Windows\system32\CRYPTSP.dll
0x000007fefc330000 - 0x000007fefc377000 	C:\Windows\system32\rsaenh.dll
0x000007fefd150000 - 0x000007fefd16e000 	C:\Windows\system32\USERENV.dll
0x000007fefccd0000 - 0x000007fefccdf000 	C:\Windows\system32\CRYPTBASE.dll
0x000007fefa230000 - 0x000007fefa241000 	C:\Windows\system32\dhcpcsvc6.DLL
0x000007fefa210000 - 0x000007fefa228000 	C:\Windows\system32\dhcpcsvc.DLL
0x000007fef85b0000 - 0x000007fef86d5000 	C:\Windows\system32\dbghelp.dll

VM Arguments:
jvm_args: -agentlib:jdwp=transport=dt_socket,suspend=y,address=localhost:54666 -Dfile.encoding=UTF-8 
java_command: org.eclipse.jdt.internal.junit.runner.RemoteTestRunner -version 3 -port 54665 -testLoaderClass org.eclipse.jdt.internal.junit4.runner.JUnit4TestLoader -loaderpluginname org.eclipse.jdt.junit4.runtime -test cn.doublepoint.infrastruture.xt.JPAUtilTest:testbatchUpdate
java_class_path (initial): F:\AllProject\01SOURCE\base-web\target\test-classes;F:\AllProject\01SOURCE\base-web\target\classes;F:\AllProject\01SOURCE\base-common\target\classes;F:\AllProject\01SOURCE\base-common\target\test-classes;F:\ProgramFiles\Repositories\Maven\org\springframework\data\spring-data-jpa\1.8.0.RELEASE\spring-data-jpa-1.8.0.RELEASE.jar;F:\ProgramFiles\Repositories\Maven\org\springframework\data\spring-data-commons\1.10.0.RELEASE\spring-data-commons-1.10.0.RELEASE.jar;F:\ProgramFiles\Repositories\Maven\org\springframework\spring-orm\4.0.9.RELEASE\spring-orm-4.0.9.RELEASE.jar;F:\ProgramFiles\Repositories\Maven\org\springframework\spring-jdbc\4.0.9.RELEASE\spring-jdbc-4.0.9.RELEASE.jar;F:\ProgramFiles\Repositories\Maven\org\springframework\spring-context\4.0.9.RELEASE\spring-context-4.0.9.RELEASE.jar;F:\ProgramFiles\Repositories\Maven\org\springframework\spring-expression\4.0.9.RELEASE\spring-expression-4.0.9.RELEASE.jar;F:\ProgramFiles\Repositories\Maven\org\springframework\spring-aop\4.0.9.RELEASE\spring-aop-4.0.9.RELEASE.jar;F:\ProgramFiles\Repositories\Maven\aopalliance\aopalliance\1.0\aopalliance-1.0.jar;F:\ProgramFiles\Repositories\Maven\org\springframework\spring-tx\4.0.9.RELEASE\spring-tx-4.0.9.RELEASE.jar;F:\ProgramFiles\Repositories\Maven\org\springframework\spring-beans\4.0.9.RELEASE\spring-beans-4.0.9.RELEASE.jar;F:\ProgramFiles\Repositories\Maven\org\springframework\spring-core\4.0.9.RELEASE\spring-core-4.0.9.RELEASE.jar;F:\ProgramFiles\Repositories\Maven\org\aspectj\aspectjrt\1.8.5\aspectjrt-1.8.5.jar;F:\ProgramFiles\Repositories\Maven\org\slf4j\slf4j-api\1.7.10\slf4j-api-1.7.10.jar;F:\ProgramFiles\Repositories\Maven\org\slf4j\jcl-over-slf4j\1.7.10\jcl-over-slf4j-1.7.10.jar;F:\ProgramFiles\Repositories\Maven\org\hibernate\hibernate-entitymanager\4.3.6.Final\hibernate-entitymanager-4.3.6.Final.jar;F:\ProgramFiles\Repositories\Maven\org\jboss\logging\jboss-logging\3.1.3.GA\jboss-logging-3.1.3.GA.jar;F:\ProgramFiles\Repositories\Maven\org\
Launcher Type: SUN_STANDARD

Environment Variables:
JAVA_HOME=C:\ProgramFiles\jdk1.8
CLASSPATH=.;C:\ProgramFiles\jdk1.8\lib\dt.jar;C:\ProgramFiles\jdk1.8\lib\tools.jar;
PATH=F:\ProgramFiles\jdk1.8\jre\bin;C:/ProgramFiles/jdk1.8/bin/../jre/bin/server;C:/ProgramFiles/jdk1.8/bin/../jre/bin;C:/ProgramFiles/jdk1.8/bin/../jre/lib/amd64;C:\ProgramData\Oracle\Java\javapath;C:\ProgramFiles\apache-maven-3.5.0\bin;F:\app\Administrator\product\11.2.0\dbhome_1\bin;C:\Program Files (x86)\Intel\iCLS Client\;C:\Program Files\Intel\iCLS Client\;C:\Windows\system32;C:\Windows;C:\Windows\System32\Wbem;C:\Windows\System32\WindowsPowerShell\v1.0\;C:\Program Files\Microsoft\Web Platform Installer\;C:\Program Files\Intel\Intel(R) Management Engine Components\DAL;C:\Program Files\Intel\Intel(R) Management Engine Components\IPT;C:\Program Files (x86)\Intel\Intel(R) Management Engine Components\DAL;C:\Program Files (x86)\Intel\Intel(R) Management Engine Components\IPT;£º.;;JAVA_HOME%\lib;C:\Program Files (x86)\Skype\Phone\;C:\ProgramFiles\jdk1.8\bin;C:\ProgramFiles\jdk1.8\jre\bin;C:\Program Files\TortoiseSVN\bin;d:\Program Files\Git\cmd;C:\ProgramFiles\redis;C:\ProgramFiles\RabbitMQ Server\rabbitmq_server-3.6.5\sbin;C:\Program Files\MySQL\MySQL Server 5.6\bin;C:\ProgramFiles\apache-maven-3.5.0\bin;;F:\ProgramFiles\eclipse;
USERNAME=Administrator
OS=Windows_NT
PROCESSOR_IDENTIFIER=Intel64 Family 6 Model 60 Stepping 3, GenuineIntel



---------------  S Y S T E M  ---------------

OS: Windows 7 , 64 bit Build 7601 Service Pack 1

CPU:total 4 (4 cores per cpu, 1 threads per core) family 6 model 60 stepping 3, cmov, cx8, fxsr, mmx, sse, sse2, sse3, ssse3, sse4.1, sse4.2, popcnt, avx, avx2, aes, clmul, erms, lzcnt, tsc, tscinvbit, bmi1, bmi2

Memory: 4k page, physical 8305420k(2382840k free), swap 16608980k(10288868k free)

vm_info: Java HotSpot(TM) 64-Bit Server VM (25.25-b02) for windows-amd64 JRE (1.8.0_25-b18), built on Oct  7 2014 14:25:37 by "java_re" with MS VC++ 10.0 (VS2010)

time: Tue Dec 26 11:15:15 2017
elapsed time: 7804 seconds (0d 2h 10m 4s)

